<?xml version="1.0" encoding="utf-8"?><testsuites name="pytest tests"><testsuite name="pytest" errors="0" failures="0" skipped="0" tests="27" time="10.466" timestamp="2026-06-20T13:03:17.295602+00:00" hostname="agent-env-e7557d55-a900-4f31-a0a2-c30d2accbfc2"><testcase classname="backend.tests.test_iter7.TestMongoIndices" name="test_verify_token_hash_index" time="0.008" /><testcase classname="backend.tests.test_iter7.TestMongoIndices" name="test_reset_token_hash_index" time="0.001" /><testcase classname="backend.tests.test_iter7.TestPreferences" name="test_get_preferences_returns_lang" time="0.505" /><testcase classname="backend.tests.test_iter7.TestPreferences" name="test_persist_language[en]" time="0.234" /><testcase classname="backend.tests.test_iter7.TestPreferences" name="test_persist_language[pt]" time="0.222" /><testcase classname="backend.tests.test_iter7.TestPreferences" name="test_persist_language[fr]" time="0.234" /><testcase classname="backend.tests.test_iter7.TestPreferences" name="test_persist_language[de]" time="0.203" /><testcase classname="backend.tests.test_iter7.TestPreferences" name="test_persist_language[it]" time="0.195" /><testcase classname="backend.tests.test_iter7.TestResendRateLimit" name="test_resend_cooldown_within_60s" time="0.562" /><testcase classname="backend.tests.test_iter7.TestResendRateLimit" name="test_resend_unknown_email_still_ok" time="0.099" /><testcase classname="backend.tests.test_iter7.TestEditTransaction" name="test_patch_transaction_updates_in_place" time="0.730" /><testcase classname="backend.tests.test_iter7.TestEditTransaction" name="test_patch_nonexistent_returns_404" time="0.096" /><testcase classname="backend.tests.test_iter7.TestEditTransaction" name="test_patch_empty_body_returns_400" time="0.091" /><testcase classname="backend.tests.test_iter7.TestRetroHistory" name="test_history_all_range" time="1.109" /><testcase classname="backend.tests.test_iter7.TestRetroHistory" name="test_history_existing_ranges_still_work" time="0.400" /><testcase classname="backend.tests.test_iter7" name="test_regression_endpoints[/auth/me]" time="0.098" /><testcase classname="backend.tests.test_iter7" name="test_regression_endpoints[/wallets]" time="0.100" /><testcase classname="backend.tests.test_iter7" name="test_regression_endpoints[/portfolio]" time="2.310" /><testcase classname="backend.tests.test_iter7" name="test_regression_endpoints[/holdings]" time="0.117" /><testcase classname="backend.tests.test_iter7" name="test_regression_endpoints[/transactions]" time="0.095" /><testcase classname="backend.tests.test_iter7" name="test_regression_endpoints[/alerts]" time="0.100" /><testcase classname="backend.tests.test_iter7" name="test_regression_endpoints[/watchlist-groups]" time="0.268" /><testcase classname="backend.tests.test_iter7" name="test_regression_endpoints[/preferences]" time="0.099" /><testcase classname="backend.tests.test_iter7" name="test_regression_endpoints[/security/status]" time="0.104" /><testcase classname="backend.tests.test_iter7" name="test_regression_endpoints[/fx]" time="0.098" /><testcase classname="backend.tests.test_iter7" name="test_regression_endpoints[/market/movers/crypto]" time="1.671" /><testcase classname="backend.tests.test_iter7" name="test_regression_endpoints[/market/latest-news]" time="0.553" /></testsuite></testsuites>