<?xml version="1.0" encoding="utf-8"?><testsuites name="pytest tests"><testsuite name="pytest" errors="0" failures="0" skipped="0" tests="17" time="3.869" timestamp="2026-06-11T17:04:35.317285+00:00" hostname="agent-env-e7557d55-a900-4f31-a0a2-c30d2accbfc2"><testcase classname="backend.tests.backend_test.TestAuth" name="test_login" time="0.514" /><testcase classname="backend.tests.backend_test.TestFx" name="test_fx_returns_usd_eur_chf" time="0.290" /><testcase classname="backend.tests.backend_test.TestWalletsCurrency" name="test_create_eur_wallet" time="0.443" /><testcase classname="backend.tests.backend_test.TestWalletsCurrency" name="test_create_chf_wallet" time="0.052" /><testcase classname="backend.tests.backend_test.TestWalletsCurrency" name="test_create_usd_default_wallet" time="0.050" /><testcase classname="backend.tests.backend_test.TestWalletsCurrency" name="test_list_wallets_has_currency" time="0.049" /><testcase classname="backend.tests.backend_test.TestWalletsCurrency" name="test_invalid_currency_rejected" time="0.050" /><testcase classname="backend.tests.backend_test.TestLegacyAssetsRemoved" name="test_post_assets_gone" time="0.097" /><testcase classname="backend.tests.backend_test.TestTransactions" name="test_create_buy_usd" time="0.112" /><testcase classname="backend.tests.backend_test.TestTransactions" name="test_create_buy_eur_has_fx" time="0.109" /><testcase classname="backend.tests.backend_test.TestTransactions" name="test_list_transactions_sorted_desc" time="0.050" /><testcase classname="backend.tests.backend_test.TestTransactions" name="test_delete_transaction_and_holdings_recompute" time="0.194" /><testcase classname="backend.tests.backend_test.TestHoldings" name="test_holdings_has_required_fields" time="0.051" /><testcase classname="backend.tests.backend_test.TestSellSemantics" name="test_sell_after_buy_realized_pnl" time="0.550" /><testcase classname="backend.tests.backend_test.TestSellSemantics" name="test_sell_before_buy_is_noop" time="0.506" /><testcase classname="backend.tests.backend_test.TestPortfolioSummary" name="test_portfolio_returns_realized_and_fx" time="0.592" /><testcase classname="backend.tests.backend_test.TestPortfolioSummary" name="test_portfolio_assets_derived_from_transactions" time="0.062" /></testsuite></testsuites>