<?xml version="1.0" encoding="utf-8"?><testsuites name="pytest tests"><testsuite name="pytest" errors="0" failures="0" skipped="1" tests="18" time="3.287" timestamp="2026-06-11T17:48:59.649677+00:00" hostname="agent-env-e7557d55-a900-4f31-a0a2-c30d2accbfc2"><testcase classname="backend.tests.test_iter3.TestAlertsCrud" name="test_create_alert" time="0.635" /><testcase classname="backend.tests.test_iter3.TestAlertsCrud" name="test_list_alerts" time="0.047" /><testcase classname="backend.tests.test_iter3.TestAlertsCrud" name="test_patch_alert_target" time="0.048" /><testcase classname="backend.tests.test_iter3.TestAlertsCrud" name="test_patch_invalid_id" time="0.046" /><testcase classname="backend.tests.test_iter3.TestAlertsCrud" name="test_invalid_condition_rejected" time="0.044" /><testcase classname="backend.tests.test_iter3.TestAlertsCrud" name="test_invalid_target_rejected" time="0.049" /><testcase classname="backend.tests.test_iter3.TestAlertTrigger" name="test_alert_triggers_on_portfolio_call" time="0.252" /><testcase classname="backend.tests.test_iter3.TestAlertTrigger" name="test_patch_reactivates_alert" time="0.135" /><testcase classname="backend.tests.test_iter3.TestAlertDelete" name="test_delete_alert" time="0.136" /><testcase classname="backend.tests.test_iter3.TestAlertDelete" name="test_delete_nonexistent" time="0.046" /><testcase classname="backend.tests.test_iter3.TestHistory" name="test_history_range[1d]" time="0.046" /><testcase classname="backend.tests.test_iter3.TestHistory" name="test_history_range[1w]" time="0.044" /><testcase classname="backend.tests.test_iter3.TestHistory" name="test_history_range[1m]" time="0.044" /><testcase classname="backend.tests.test_iter3.TestHistory" name="test_history_range[1y]" time="0.042" /><testcase classname="backend.tests.test_iter3.TestHistory" name="test_history_range[all]" time="0.083" /><testcase classname="backend.tests.test_iter3.TestHistory" name="test_history_has_data_after_portfolio_call" time="0.095" /><testcase classname="backend.tests.test_iter3.TestSnapshotsBucket" name="test_snapshots_have_bucket_ts" time="0.096" /><testcase classname="backend.tests.test_iter3.TestStockResolution" name="test_unknown_stock_symbol_resolves" time="1.323"><skipped type="pytest.skip" message="3DVELO did not resolve to a price (Yahoo Search may be blocked or symbol changed). asset={'wallet_id': 'd979d02c-1547-4751-a607-f46bb47ab4ac', 'asset_type': 'stock', 'symbol': '3DVELO', 'coingecko_id': None, 'name': '3DVELO Test', 'quantity': 1.0, 'total_cost_usd': 1.0, 'avg_cost_usd': 1.0, 'realized_pnl_usd': 0.0, 'tx_count': 1, 'avg_price': 1.0, 'price_usd': 0.0, 'price_eur': 0.0, 'price_chf': 0.0, 'value_usd': 0.0, 'value_eur': 0.0, 'value_chf': 0.0, 'cost_usd': 1.0, 'pnl_usd': -1.0, 'pnl_pct': -100.0, 'change_24h': 0.0, 'daily_change_usd': 0}">/app/backend/tests/test_iter3.py:216: 3DVELO did not resolve to a price (Yahoo Search may be blocked or symbol changed). asset={'wallet_id': 'd979d02c-1547-4751-a607-f46bb47ab4ac', 'asset_type': 'stock', 'symbol': '3DVELO', 'coingecko_id': None, 'name': '3DVELO Test', 'quantity': 1.0, 'total_cost_usd': 1.0, 'avg_cost_usd': 1.0, 'realized_pnl_usd': 0.0, 'tx_count': 1, 'avg_price': 1.0, 'price_usd': 0.0, 'price_eur': 0.0, 'price_chf': 0.0, 'value_usd': 0.0, 'value_eur': 0.0, 'value_chf': 0.0, 'cost_usd': 1.0, 'pnl_usd': -1.0, 'pnl_pct': -100.0, 'change_24h': 0.0, 'daily_change_usd': 0}</skipped></testcase></testsuite></testsuites>