<?xml version="1.0" encoding="utf-8"?><testsuites name="pytest tests"><testsuite name="pytest" errors="0" failures="1" skipped="0" tests="23" time="4.492" timestamp="2026-06-13T12:41:48.212261+00:00" hostname="agent-env-e7557d55-a900-4f31-a0a2-c30d2accbfc2"><testcase classname="backend.tests.test_iter4.TestHealth" name="test_portfolio" time="0.659" /><testcase classname="backend.tests.test_iter4.TestHealth" name="test_history_1w" time="0.161" /><testcase classname="backend.tests.test_iter4.TestHealth" name="test_sparklines" time="0.133" /><testcase classname="backend.tests.test_iter4.TestAssetHistory" name="test_asset_history_btc_ranges[5m]" time="0.113" /><testcase classname="backend.tests.test_iter4.TestAssetHistory" name="test_asset_history_btc_ranges[15m]" time="0.114" /><testcase classname="backend.tests.test_iter4.TestAssetHistory" name="test_asset_history_btc_ranges[30m]" time="0.111" /><testcase classname="backend.tests.test_iter4.TestAssetHistory" name="test_asset_history_btc_ranges[1h]" time="0.110" /><testcase classname="backend.tests.test_iter4.TestAssetHistory" name="test_asset_history_btc_ranges[4h]" time="0.108" /><testcase classname="backend.tests.test_iter4.TestAssetHistory" name="test_asset_history_btc_ranges[1d]" time="0.110" /><testcase classname="backend.tests.test_iter4.TestAssetHistory" name="test_asset_history_btc_ranges[1w]" time="0.113" /><testcase classname="backend.tests.test_iter4.TestAssetHistory" name="test_asset_history_btc_ranges[1m]" time="0.113" /><testcase classname="backend.tests.test_iter4.TestAssetHistory" name="test_asset_history_btc_ranges[1y]" time="0.112" /><testcase classname="backend.tests.test_iter4.TestAssetHistory" name="test_asset_history_btc_ranges[all]" time="0.114" /><testcase classname="backend.tests.test_iter4.TestAssetHistory" name="test_btc_has_data_in_15m" time="0.327"><failure message="AssertionError: BTC asset/history returned no data for any intraday range&#10;assert False">backend/tests/test_iter4.py:87: in test_btc_has_data_in_15m
    assert ok, "BTC asset/history returned no data for any intraday range"
E   AssertionError: BTC asset/history returned no data for any intraday range
E   assert False</failure></testcase><testcase classname="backend.tests.test_iter4.TestWatchlists" name="test_create_list_patch_delete" time="0.306" /><testcase classname="backend.tests.test_iter4.TestWatchlists" name="test_limit_10" time="0.951" /><testcase classname="backend.tests.test_iter4.TestWatchlists" name="test_delete_nonexistent" time="0.046" /><testcase classname="backend.tests.test_iter4.TestNews" name="test_news_crypto_btc" time="0.247" /><testcase classname="backend.tests.test_iter4.TestNews" name="test_news_stock_aapl" time="0.196" /><testcase classname="backend.tests.test_iter4.TestTransactionsImport" name="test_import_rows_json" time="0.091" /><testcase classname="backend.tests.test_iter4.TestTransactionsImport" name="test_import_invalid_row_reports_error" time="0.048" /><testcase classname="backend.tests.test_iter4.TestTransactionsImport" name="test_import_invalid_wallet" time="0.047" /><testcase classname="backend.tests.test_iter4.TestTransactionsImport" name="test_import_empty_payload" time="0.053" /></testsuite></testsuites>