<?xml version="1.0" encoding="utf-8"?><testsuites name="pytest tests"><testsuite name="pytest" errors="0" failures="0" skipped="0" tests="7" time="3.282" timestamp="2026-06-13T13:14:27.100348+00:00" hostname="agent-env-e7557d55-a900-4f31-a0a2-c30d2accbfc2"><testcase classname="backend.tests.test_iter5.TestWatchlistGroupsAutoDefault" name="test_get_creates_default_group" time="0.494" /><testcase classname="backend.tests.test_iter5.TestWatchlistGroupCreateDelete" name="test_create_group_then_delete_with_cascade" time="0.936" /><testcase classname="backend.tests.test_iter5.TestWatchlistGroupCreateDelete" name="test_delete_unknown_group_returns_404" time="0.043" /><testcase classname="backend.tests.test_iter5.TestWatchlistGroupCreateDelete" name="test_create_with_invalid_group_id_returns_404" time="0.044" /><testcase classname="backend.tests.test_iter5.TestPerGroupTenLimit" name="test_max_ten_items_per_group" time="1.019" /><testcase classname="backend.tests.test_iter5.TestEmptyGroupNameRejected" name="test_empty_name" time="0.044" /><testcase classname="backend.tests.test_iter5.TestWalletsDelete" name="test_create_then_delete_wallet_cascades_tx" time="0.618" /></testsuite></testsuites>