<?xml version="1.0" encoding="utf-8"?><testsuites name="pytest tests"><testsuite name="pytest" errors="0" failures="0" skipped="0" tests="23" time="58.899" timestamp="2026-06-20T12:39:36.881122+00:00" hostname="agent-env-e7557d55-a900-4f31-a0a2-c30d2accbfc2"><testcase classname="backend.tests.test_iter6.TestRegisterNoAutoLogin" name="test_register_returns_no_token_no_cookie" time="0.529" /><testcase classname="backend.tests.test_iter6.TestRegisterNoAutoLogin" name="test_register_user_cannot_access_authenticated_endpoint" time="0.551" /><testcase classname="backend.tests.test_iter6.TestLoginUnverifiedBlocked" name="test_login_unverified_returns_403" time="1.176" /><testcase classname="backend.tests.test_iter6.TestVerificationEndToEnd" name="test_full_verification_flow" time="8.419" /><testcase classname="backend.tests.test_iter6.TestVerificationEndToEnd" name="test_verify_email_invalid_token_returns_400" time="0.109" /><testcase classname="backend.tests.test_iter6.TestResendVerificationPublic" name="test_resend_unknown_email_returns_200" time="0.125" /><testcase classname="backend.tests.test_iter6.TestResendVerificationPublic" name="test_resend_already_verified_returns_200" time="0.117" /><testcase classname="backend.tests.test_iter6.TestResendVerificationPublic" name="test_resend_no_auth_required" time="0.544" /><testcase classname="backend.tests.test_iter6.TestRegressionAuthenticated" name="test_authenticated_endpoint_ok[/auth/me]" time="0.520" /><testcase classname="backend.tests.test_iter6.TestRegressionAuthenticated" name="test_authenticated_endpoint_ok[/wallets]" time="0.139" /><testcase classname="backend.tests.test_iter6.TestRegressionAuthenticated" name="test_authenticated_endpoint_ok[/portfolio]" time="38.551" /><testcase classname="backend.tests.test_iter6.TestRegressionAuthenticated" name="test_authenticated_endpoint_ok[/holdings]" time="0.134" /><testcase classname="backend.tests.test_iter6.TestRegressionAuthenticated" name="test_authenticated_endpoint_ok[/transactions]" time="0.107" /><testcase classname="backend.tests.test_iter6.TestRegressionAuthenticated" name="test_authenticated_endpoint_ok[/alerts]" time="0.113" /><testcase classname="backend.tests.test_iter6.TestRegressionAuthenticated" name="test_authenticated_endpoint_ok[/watchlist-groups]" time="0.348" /><testcase classname="backend.tests.test_iter6.TestRegressionAuthenticated" name="test_authenticated_endpoint_ok[/preferences]" time="0.108" /><testcase classname="backend.tests.test_iter6.TestRegressionAuthenticated" name="test_authenticated_endpoint_ok[/security/status]" time="0.120" /><testcase classname="backend.tests.test_iter6.TestRegressionPublic" name="test_public_endpoint_ok[/fx]" time="0.095" /><testcase classname="backend.tests.test_iter6.TestRegressionPublic" name="test_public_endpoint_ok[/market/movers/crypto]" time="0.200" /><testcase classname="backend.tests.test_iter6.TestRegressionPublic" name="test_public_endpoint_ok[/market/movers/stocks]" time="4.817" /><testcase classname="backend.tests.test_iter6.TestRegressionPublic" name="test_public_endpoint_ok[/market/latest-news]" time="0.451" /><testcase classname="backend.tests.test_iter6.TestRegressionPublic" name="test_public_endpoint_ok[/search/crypto?q=bitcoin]" time="0.210" /><testcase classname="backend.tests.test_iter6.TestRegressionPublic" name="test_public_endpoint_ok[/search/stock?q=AAPL]" time="1.148" /></testsuite></testsuites>